# JRE version: Java(TM) SE Runtime Environment (8.0_45-b15) (build 1.8.0_45-b15)
# Java VM: Java HotSpot(TM) 64-Bit Server VM (25.45-b02 mixed mode windows-amd64 compressed oops)
Heap:
 PSYoungGen      total 47104K, used 40695K [0x00000000d5a00000, 0x00000000d8f00000, 0x0000000100000000)
  eden space 46592K, 87% used [0x00000000d5a00000,0x00000000d81a5d90,0x00000000d8780000)
  from space 512K, 18% used [0x00000000d8800000,0x00000000d8818000,0x00000000d8880000)
  to   space 512K, 0% used [0x00000000d8780000,0x00000000d8780000,0x00000000d8800000)
 ParOldGen       total 69632K, used 16797K [0x0000000080e00000, 0x0000000085200000, 0x00000000d5a00000)
  object space 69632K, 24% used [0x0000000080e00000,0x0000000081e67578,0x0000000085200000)
 Metaspace       used 11559K, capacity 11774K, committed 12160K, reserved 1060864K
  class space    used 1468K, capacity 1569K, committed 1664K, reserved 1048576K
GC Heap History (10 events):
Event: 1251.671 GC heap before
{Heap before GC invocations=1475 (full 1):
 PSYoungGen      total 35840K, used 34400K [0x00000000d5a00000, 0x00000000d8180000, 0x0000000100000000)
  eden space 35328K, 97% used [0x00000000d5a00000,0x00000000d7b78260,0x00000000d7c80000)
  from space 512K, 25% used [0x00000000d8080000,0x00000000d80a0000,0x00000000d8100000)
  to   space 512K, 0% used [0x00000000d8100000,0x00000000d8100000,0x00000000d8180000)
 ParOldGen       total 69632K, used 16797K [0x0000000080e00000, 0x0000000085200000, 0x00000000d5a00000)
  object space 69632K, 24% used [0x0000000080e00000,0x0000000081e67578,0x0000000085200000)
 Metaspace       used 11559K, capacity 11774K, committed 12160K, reserved 1060864K
  class space    used 1468K, capacity 1569K, committed 1664K, reserved 1048576K
Event: 1251.694 GC heap after
Heap after GC invocations=1475 (full 1):
 PSYoungGen      total 39936K, used 64K [0x00000000d5a00000, 0x00000000d8380000, 0x0000000100000000)
  eden space 39424K, 0% used [0x00000000d5a00000,0x00000000d5a00000,0x00000000d8080000)
  from space 512K, 12% used [0x00000000d8100000,0x00000000d8110000,0x00000000d8180000)
  to   space 512K, 0% used [0x00000000d8080000,0x00000000d8080000,0x00000000d8100000)
 ParOldGen       total 69632K, used 16797K [0x0000000080e00000, 0x0000000085200000, 0x00000000d5a00000)
  object space 69632K, 24% used [0x0000000080e00000,0x0000000081e67578,0x0000000085200000)
 Metaspace       used 11559K, capacity 11774K, committed 12160K, reserved 1060864K
  class space    used 1468K, capacity 1569K, committed 1664K, reserved 1048576K
}
Event: 1252.945 GC heap before
{Heap before GC invocations=1476 (full 1):
 PSYoungGen      total 39936K, used 38995K [0x00000000d5a00000, 0x00000000d8380000, 0x0000000100000000)
  eden space 39424K, 98% used [0x00000000d5a00000,0x00000000d8004d98,0x00000000d8080000)
  from space 512K, 12% used [0x00000000d8100000,0x00000000d8110000,0x00000000d8180000)
  to   space 512K, 0% used [0x00000000d8080000,0x00000000d8080000,0x00000000d8100000)
 ParOldGen       total 69632K, used 16797K [0x0000000080e00000, 0x0000000085200000, 0x00000000d5a00000)
  object space 69632K, 24% used [0x0000000080e00000,0x0000000081e67578,0x0000000085200000)
 Metaspace       used 11559K, capacity 11774K, committed 12160K, reserved 1060864K
  class space    used 1468K, capacity 1569K, committed 1664K, reserved 1048576K
Event: 1252.952 GC heap after
Heap after GC invocations=1476 (full 1):
 PSYoungGen      total 39936K, used 96K [0x00000000d5a00000, 0x00000000d8880000, 0x0000000100000000)
  eden space 39424K, 0% used [0x00000000d5a00000,0x00000000d5a00000,0x00000000d8080000)
  from space 512K, 18% used [0x00000000d8080000,0x00000000d8098000,0x00000000d8100000)
  to   space 512K, 0% used [0x00000000d8800000,0x00000000d8800000,0x00000000d8880000)
 ParOldGen       total 69632K, used 16797K [0x0000000080e00000, 0x0000000085200000, 0x00000000d5a00000)
  object space 69632K, 24% used [0x0000000080e00000,0x0000000081e67578,0x0000000085200000)
 Metaspace       used 11559K, capacity 11774K, committed 12160K, reserved 1060864K
  class space    used 1468K, capacity 1569K, committed 1664K, reserved 1048576K
}
Event: 1254.281 GC heap before
{Heap before GC invocations=1477 (full 1):
 PSYoungGen      total 39936K, used 39027K [0x00000000d5a00000, 0x00000000d8880000, 0x0000000100000000)
  eden space 39424K, 98% used [0x00000000d5a00000,0x00000000d8004f90,0x00000000d8080000)
  from space 512K, 18% used [0x00000000d8080000,0x00000000d8098000,0x00000000d8100000)
  to   space 512K, 0% used [0x00000000d8800000,0x00000000d8800000,0x00000000d8880000)
 ParOldGen       total 69632K, used 16797K [0x0000000080e00000, 0x0000000085200000, 0x00000000d5a00000)
  object space 69632K, 24% used [0x0000000080e00000,0x0000000081e67578,0x0000000085200000)
 Metaspace       used 11559K, capacity 11774K, committed 12160K, reserved 1060864K
  class space    used 1468K, capacity 1569K, committed 1664K, reserved 1048576K
Event: 1254.283 GC heap after
Heap after GC invocations=1477 (full 1):
 PSYoungGen      total 46592K, used 64K [0x00000000d5a00000, 0x00000000d8880000, 0x0000000100000000)
  eden space 46080K, 0% used [0x00000000d5a00000,0x00000000d5a00000,0x00000000d8700000)
  from space 512K, 12% used [0x00000000d8800000,0x00000000d8810000,0x00000000d8880000)
  to   space 512K, 0% used [0x00000000d8780000,0x00000000d8780000,0x00000000d8800000)
 ParOldGen       total 69632K, used 16797K [0x0000000080e00000, 0x0000000085200000, 0x00000000d5a00000)
  object space 69632K, 24% used [0x0000000080e00000,0x0000000081e67578,0x0000000085200000)
 Metaspace       used 11559K, capacity 11774K, committed 12160K, reserved 1060864K
  class space    used 1468K, capacity 1569K, committed 1664K, reserved 1048576K
}
Event: 1255.768 GC heap before
{Heap before GC invocations=1478 (full 1):
 PSYoungGen      total 46592K, used 45233K [0x00000000d5a00000, 0x00000000d8880000, 0x0000000100000000)
  eden space 46080K, 98% used [0x00000000d5a00000,0x00000000d861c448,0x00000000d8700000)
  from space 512K, 12% used [0x00000000d8800000,0x00000000d8810000,0x00000000d8880000)
  to   space 512K, 0% used [0x00000000d8780000,0x00000000d8780000,0x00000000d8800000)
 ParOldGen       total 69632K, used 16797K [0x0000000080e00000, 0x0000000085200000, 0x00000000d5a00000)
  object space 69632K, 24% used [0x0000000080e00000,0x0000000081e67578,0x0000000085200000)
 Metaspace       used 11559K, capacity 11774K, committed 12160K, reserved 1060864K
  class space    used 1468K, capacity 1569K, committed 1664K, reserved 1048576K
Event: 1255.772 GC heap after
Heap after GC invocations=1478 (full 1):
 PSYoungGen      total 45568K, used 64K [0x00000000d5a00000, 0x00000000d8880000, 0x0000000100000000)
  eden space 45056K, 0% used [0x00000000d5a00000,0x00000000d5a00000,0x00000000d8600000)
  from space 512K, 12% used [0x00000000d8780000,0x00000000d8790000,0x00000000d8800000)
  to   space 512K, 0% used [0x00000000d8800000,0x00000000d8800000,0x00000000d8880000)
 ParOldGen       total 69632K, used 16797K [0x0000000080e00000, 0x0000000085200000, 0x00000000d5a00000)
  object space 69632K, 24% used [0x0000000080e00000,0x0000000081e67578,0x0000000085200000)
 Metaspace       used 11559K, capacity 11774K, committed 12160K, reserved 1060864K
  class space    used 1468K, capacity 1569K, committed 1664K, reserved 1048576K
}
Event: 1257.348 GC heap before
{Heap before GC invocations=1479 (full 1):
 PSYoungGen      total 45568K, used 43687K [0x00000000d5a00000, 0x00000000d8880000, 0x0000000100000000)
  eden space 45056K, 96% used [0x00000000d5a00000,0x00000000d8499c58,0x00000000d8600000)
  from space 512K, 12% used [0x00000000d8780000,0x00000000d8790000,0x00000000d8800000)
  to   space 512K, 0% used [0x00000000d8800000,0x00000000d8800000,0x00000000d8880000)
 ParOldGen       total 69632K, used 16797K [0x0000000080e00000, 0x0000000085200000, 0x00000000d5a00000)
  object space 69632K, 24% used [0x0000000080e00000,0x0000000081e67578,0x0000000085200000)
 Metaspace       used 11559K, capacity 11774K, committed 12160K, reserved 1060864K
  class space    used 1468K, capacity 1569K, committed 1664K, reserved 1048576K
Event: 1257.410 GC heap after
Heap after GC invocations=1479 (full 1):
 PSYoungGen      total 47104K, used 96K [0x00000000d5a00000, 0x00000000d8f00000, 0x0000000100000000)
  eden space 46592K, 0% used [0x00000000d5a00000,0x00000000d5a00000,0x00000000d8780000)
  from space 512K, 18% used [0x00000000d8800000,0x00000000d8818000,0x00000000d8880000)
  to   space 512K, 0% used [0x00000000d8780000,0x00000000d8780000,0x00000000d8800000)
 ParOldGen       total 69632K, used 16797K [0x0000000080e00000, 0x0000000085200000, 0x00000000d5a00000)
  object space 69632K, 24% used [0x0000000080e00000,0x0000000081e67578,0x0000000085200000)
 Metaspace       used 11559K, capacity 11774K, committed 12160K, reserved 1060864K
  class space    used 1468K, capacity 1569K, committed 1664K, reserved 1048576K
}

