# JRE version: Java(TM) SE Runtime Environment (8.0_45-b15) (build 1.8.0_45-b15)
# Java VM: Java HotSpot(TM) 64-Bit Server VM (25.45-b02 mixed mode windows-amd64 compressed oops)
Heap:
 PSYoungGen      total 24576K, used 18982K [0x00000000d5a00000, 0x00000000d7600000, 0x0000000100000000)
  eden space 24064K, 78% used [0x00000000d5a00000,0x00000000d6c59b98,0x00000000d7180000)
  from space 512K, 37% used [0x00000000d7580000,0x00000000d75b0000,0x00000000d7600000)
  to   space 512K, 0% used [0x00000000d7500000,0x00000000d7500000,0x00000000d7580000)
 ParOldGen       total 87552K, used 42498K [0x0000000080e00000, 0x0000000086380000, 0x00000000d5a00000)
  object space 87552K, 48% used [0x0000000080e00000,0x0000000083780b70,0x0000000086380000)
 Metaspace       used 11601K, capacity 11824K, committed 12160K, reserved 1060864K
  class space    used 1467K, capacity 1540K, committed 1664K, reserved 1048576K
GC Heap History (10 events):
Event: 134.790 GC heap before
{Heap before GC invocations=140 (full 0):
 PSYoungGen      total 24576K, used 23530K [0x00000000d5a00000, 0x00000000d7600000, 0x0000000100000000)
  eden space 24064K, 97% used [0x00000000d5a00000,0x00000000d70d2bb8,0x00000000d7180000)
  from space 512K, 31% used [0x00000000d7500000,0x00000000d7528000,0x00000000d7580000)
  to   space 512K, 0% used [0x00000000d7580000,0x00000000d7580000,0x00000000d7600000)
 ParOldGen       total 87552K, used 42498K [0x0000000080e00000, 0x0000000086380000, 0x00000000d5a00000)
  object space 87552K, 48% used [0x0000000080e00000,0x0000000083780b70,0x0000000086380000)
 Metaspace       used 11601K, capacity 11824K, committed 12160K, reserved 1060864K
  class space    used 1467K, capacity 1540K, committed 1664K, reserved 1048576K
Event: 134.791 GC heap after
Heap after GC invocations=140 (full 0):
 PSYoungGen      total 24576K, used 192K [0x00000000d5a00000, 0x00000000d7600000, 0x0000000100000000)
  eden space 24064K, 0% used [0x00000000d5a00000,0x00000000d5a00000,0x00000000d7180000)
  from space 512K, 37% used [0x00000000d7580000,0x00000000d75b0000,0x00000000d7600000)
  to   space 512K, 0% used [0x00000000d7500000,0x00000000d7500000,0x00000000d7580000)
 ParOldGen       total 87552K, used 42498K [0x0000000080e00000, 0x0000000086380000, 0x00000000d5a00000)
  object space 87552K, 48% used [0x0000000080e00000,0x0000000083780b70,0x0000000086380000)
 Metaspace       used 11601K, capacity 11824K, committed 12160K, reserved 1060864K
  class space    used 1467K, capacity 1540K, committed 1664K, reserved 1048576K
}
Event: 135.546 GC heap before
{Heap before GC invocations=141 (full 0):
 PSYoungGen      total 24576K, used 23562K [0x00000000d5a00000, 0x00000000d7600000, 0x0000000100000000)
  eden space 24064K, 97% used [0x00000000d5a00000,0x00000000d70d2bb8,0x00000000d7180000)
  from space 512K, 37% used [0x00000000d7580000,0x00000000d75b0000,0x00000000d7600000)
  to   space 512K, 0% used [0x00000000d7500000,0x00000000d7500000,0x00000000d7580000)
 ParOldGen       total 87552K, used 42498K [0x0000000080e00000, 0x0000000086380000, 0x00000000d5a00000)
  object space 87552K, 48% used [0x0000000080e00000,0x0000000083780b70,0x0000000086380000)
 Metaspace       used 11601K, capacity 11824K, committed 12160K, reserved 1060864K
  class space    used 1467K, capacity 1540K, committed 1664K, reserved 1048576K
Event: 135.547 GC heap after
Heap after GC invocations=141 (full 0):
 PSYoungGen      total 24576K, used 160K [0x00000000d5a00000, 0x00000000d7600000, 0x0000000100000000)
  eden space 24064K, 0% used [0x00000000d5a00000,0x00000000d5a00000,0x00000000d7180000)
  from space 512K, 31% used [0x00000000d7500000,0x00000000d7528000,0x00000000d7580000)
  to   space 512K, 0% used [0x00000000d7580000,0x00000000d7580000,0x00000000d7600000)
 ParOldGen       total 87552K, used 42498K [0x0000000080e00000, 0x0000000086380000, 0x00000000d5a00000)
  object space 87552K, 48% used [0x0000000080e00000,0x0000000083780b70,0x0000000086380000)
 Metaspace       used 11601K, capacity 11824K, committed 12160K, reserved 1060864K
  class space    used 1467K, capacity 1540K, committed 1664K, reserved 1048576K
}
Event: 136.302 GC heap before
{Heap before GC invocations=142 (full 0):
 PSYoungGen      total 24576K, used 23530K [0x00000000d5a00000, 0x00000000d7600000, 0x0000000100000000)
  eden space 24064K, 97% used [0x00000000d5a00000,0x00000000d70d2bb8,0x00000000d7180000)
  from space 512K, 31% used [0x00000000d7500000,0x00000000d7528000,0x00000000d7580000)
  to   space 512K, 0% used [0x00000000d7580000,0x00000000d7580000,0x00000000d7600000)
 ParOldGen       total 87552K, used 42498K [0x0000000080e00000, 0x0000000086380000, 0x00000000d5a00000)
  object space 87552K, 48% used [0x0000000080e00000,0x0000000083780b70,0x0000000086380000)
 Metaspace       used 11601K, capacity 11824K, committed 12160K, reserved 1060864K
  class space    used 1467K, capacity 1540K, committed 1664K, reserved 1048576K
Event: 136.304 GC heap after
Heap after GC invocations=142 (full 0):
 PSYoungGen      total 24576K, used 192K [0x00000000d5a00000, 0x00000000d7600000, 0x0000000100000000)
  eden space 24064K, 0% used [0x00000000d5a00000,0x00000000d5a00000,0x00000000d7180000)
  from space 512K, 37% used [0x00000000d7580000,0x00000000d75b0000,0x00000000d7600000)
  to   space 512K, 0% used [0x00000000d7500000,0x00000000d7500000,0x00000000d7580000)
 ParOldGen       total 87552K, used 42498K [0x0000000080e00000, 0x0000000086380000, 0x00000000d5a00000)
  object space 87552K, 48% used [0x0000000080e00000,0x0000000083780b70,0x0000000086380000)
 Metaspace       used 11601K, capacity 11824K, committed 12160K, reserved 1060864K
  class space    used 1467K, capacity 1540K, committed 1664K, reserved 1048576K
}
Event: 137.056 GC heap before
{Heap before GC invocations=143 (full 0):
 PSYoungGen      total 24576K, used 23562K [0x00000000d5a00000, 0x00000000d7600000, 0x0000000100000000)
  eden space 24064K, 97% used [0x00000000d5a00000,0x00000000d70d2bb8,0x00000000d7180000)
  from space 512K, 37% used [0x00000000d7580000,0x00000000d75b0000,0x00000000d7600000)
  to   space 512K, 0% used [0x00000000d7500000,0x00000000d7500000,0x00000000d7580000)
 ParOldGen       total 87552K, used 42498K [0x0000000080e00000, 0x0000000086380000, 0x00000000d5a00000)
  object space 87552K, 48% used [0x0000000080e00000,0x0000000083780b70,0x0000000086380000)
 Metaspace       used 11601K, capacity 11824K, committed 12160K, reserved 1060864K
  class space    used 1467K, capacity 1540K, committed 1664K, reserved 1048576K
Event: 137.058 GC heap after
Heap after GC invocations=143 (full 0):
 PSYoungGen      total 24576K, used 128K [0x00000000d5a00000, 0x00000000d7600000, 0x0000000100000000)
  eden space 24064K, 0% used [0x00000000d5a00000,0x00000000d5a00000,0x00000000d7180000)
  from space 512K, 25% used [0x00000000d7500000,0x00000000d7520000,0x00000000d7580000)
  to   space 512K, 0% used [0x00000000d7580000,0x00000000d7580000,0x00000000d7600000)
 ParOldGen       total 87552K, used 42498K [0x0000000080e00000, 0x0000000086380000, 0x00000000d5a00000)
  object space 87552K, 48% used [0x0000000080e00000,0x0000000083780b70,0x0000000086380000)
 Metaspace       used 11601K, capacity 11824K, committed 12160K, reserved 1060864K
  class space    used 1467K, capacity 1540K, committed 1664K, reserved 1048576K
}
Event: 137.813 GC heap before
{Heap before GC invocations=144 (full 0):
 PSYoungGen      total 24576K, used 23498K [0x00000000d5a00000, 0x00000000d7600000, 0x0000000100000000)
  eden space 24064K, 97% used [0x00000000d5a00000,0x00000000d70d2bb8,0x00000000d7180000)
  from space 512K, 25% used [0x00000000d7500000,0x00000000d7520000,0x00000000d7580000)
  to   space 512K, 0% used [0x00000000d7580000,0x00000000d7580000,0x00000000d7600000)
 ParOldGen       total 87552K, used 42498K [0x0000000080e00000, 0x0000000086380000, 0x00000000d5a00000)
  object space 87552K, 48% used [0x0000000080e00000,0x0000000083780b70,0x0000000086380000)
 Metaspace       used 11601K, capacity 11824K, committed 12160K, reserved 1060864K
  class space    used 1467K, capacity 1540K, committed 1664K, reserved 1048576K
Event: 137.814 GC heap after
Heap after GC invocations=144 (full 0):
 PSYoungGen      total 24576K, used 192K [0x00000000d5a00000, 0x00000000d7600000, 0x0000000100000000)
  eden space 24064K, 0% used [0x00000000d5a00000,0x00000000d5a00000,0x00000000d7180000)
  from space 512K, 37% used [0x00000000d7580000,0x00000000d75b0000,0x00000000d7600000)
  to   space 512K, 0% used [0x00000000d7500000,0x00000000d7500000,0x00000000d7580000)
 ParOldGen       total 87552K, used 42498K [0x0000000080e00000, 0x0000000086380000, 0x00000000d5a00000)
  object space 87552K, 48% used [0x0000000080e00000,0x0000000083780b70,0x0000000086380000)
 Metaspace       used 11601K, capacity 11824K, committed 12160K, reserved 1060864K
  class space    used 1467K, capacity 1540K, committed 1664K, reserved 1048576K
}

